<?xml version="1.0" encoding="UTF-8"?>
<!-- Generated by org.testng.reporters.JUnitXMLReporter -->
<testsuite ignored="2" hostname="DESKTOP-UJH33DH" failures="0" tests="2" name="Test" time="11.167" errors="0" timestamp="2022-08-26T03:36:59 IST">
  <testcase classname="org.dream11.genericUtility.BaseClass" name="@BeforeMethod openApp" time="11.038">
    <failure type="org.openqa.selenium.WebDriverException" message="An unknown server-side error occurred while processing the command. Original error: Error executing adbExec. Original error: &amp;apos;Command &amp;apos;C:\\Users\\user\\AppData\\Local\\Android\\Sdk\\platform-tools\\adb.exe -P 5037 -s RZ8M81934BA shell &amp;apos;settings delete global hidden_api_policy_pre_p_apps;settings delete global hidden_api_policy_p_apps;settings delete global hidden_api_policy&amp;apos;&amp;apos; exited with code 1&amp;apos;; Command output: adb.exe: device offline
 (WARNING: The server did not provide any stacktrace information)
Command duration or timeout: 10.54 seconds
Build info: version: &amp;apos;2.53.1&amp;apos;, revision: &amp;apos;a36b8b1cd5757287168e54b817830adce9b0158d&amp;apos;, time: &amp;apos;2016-06-30 19:26:09&amp;apos;
System info: host: &amp;apos;DESKTOP-UJH33DH&amp;apos;, ip: &amp;apos;192.168.153.1&amp;apos;, os.name: &amp;apos;Windows 10&amp;apos;, os.arch: &amp;apos;amd64&amp;apos;, os.version: &amp;apos;10.0&amp;apos;, java.version: &amp;apos;16.0.1&amp;apos;
Driver info: io.appium.java_client.android.AndroidDriver">
      <![CDATA[org.openqa.selenium.WebDriverException: An unknown server-side error occurred while processing the command. Original error: Error executing adbExec. Original error: 'Command 'C:\\Users\\user\\AppData\\Local\\Android\\Sdk\\platform-tools\\adb.exe -P 5037 -s RZ8M81934BA shell 'settings delete global hidden_api_policy_pre_p_apps;settings delete global hidden_api_policy_p_apps;settings delete global hidden_api_policy'' exited with code 1'; Command output: adb.exe: device offline
 (WARNING: The server did not provide any stacktrace information)
Command duration or timeout: 10.54 seconds
Build info: version: '2.53.1', revision: 'a36b8b1cd5757287168e54b817830adce9b0158d', time: '2016-06-30 19:26:09'
System info: host: 'DESKTOP-UJH33DH', ip: '192.168.153.1', os.name: 'Windows 10', os.arch: 'amd64', os.version: '10.0', java.version: '16.0.1'
Driver info: io.appium.java_client.android.AndroidDriver
at org.openqa.selenium.remote.ErrorHandler.createThrowable(ErrorHandler.java:206)
at org.openqa.selenium.remote.ErrorHandler.throwIfResponseFailed(ErrorHandler.java:158)
at org.openqa.selenium.remote.RemoteWebDriver.execute(RemoteWebDriver.java:678)
at io.appium.java_client.DefaultGenericMobileDriver.execute(DefaultGenericMobileDriver.java:40)
at io.appium.java_client.AppiumDriver.execute(AppiumDriver.java:1)
at io.appium.java_client.android.AndroidDriver.execute(AndroidDriver.java:1)
at org.openqa.selenium.remote.RemoteWebDriver.startSession(RemoteWebDriver.java:249)
at org.openqa.selenium.remote.RemoteWebDriver.<init>(RemoteWebDriver.java:131)
at org.openqa.selenium.remote.RemoteWebDriver.<init>(RemoteWebDriver.java:144)
at io.appium.java_client.DefaultGenericMobileDriver.<init>(DefaultGenericMobileDriver.java:36)
at io.appium.java_client.AppiumDriver.<init>(AppiumDriver.java:114)
at io.appium.java_client.AppiumDriver.<init>(AppiumDriver.java:132)
at io.appium.java_client.android.AndroidDriver.<init>(AndroidDriver.java:92)
at org.dream11.genericUtility.BaseClass.openApp(BaseClass.java:66)
at java.base/java.util.ArrayList.forEach(ArrayList.java:1511)
... Removed 36 stack frames]]>
    </failure>
  </testcase> <!-- @BeforeMethod openApp -->
  <testcase classname="org.dream11.genericUtility.BaseClass" name="@AfterMethod closeApp" time="-1.661465219392E9">
    <skipped/>
  </testcase> <!-- @AfterMethod closeApp -->
  <testcase classname="org.dream11.genericUtility.BaseClass" name="@BeforeMethod openApp" time="0.001">
    <failure type="java.net.MalformedURLException" message="Cannot invoke &amp;quot;String.length()&amp;quot; because &amp;quot;spec&amp;quot; is null">
      <![CDATA[java.net.MalformedURLException: Cannot invoke "String.length()" because "spec" is null
at java.base/java.net.URL.<init>(URL.java:706)
at java.base/java.net.URL.<init>(URL.java:568)
at java.base/java.net.URL.<init>(URL.java:515)
at org.dream11.genericUtility.BaseClass.openApp(BaseClass.java:66)
at java.base/java.util.ArrayList.forEach(ArrayList.java:1511)
Caused by: java.lang.NullPointerException: Cannot invoke "String.length()" because "spec" is null
at java.base/java.net.URL.<init>(URL.java:612)
... 35 more
... Removed 31 stack frames]]>
    </failure>
  </testcase> <!-- @BeforeMethod openApp -->
  <testcase classname="org.dream11.genericUtility.BaseClass" name="@AfterMethod closeApp" time="-1.661465219432E9">
    <skipped/>
  </testcase> <!-- @AfterMethod closeApp -->
  <testcase classname="org.tyss.dream11.VerifyBottonNavigationbarOnHomeTest" name="verifyBottonNavigationbarOnHomeTest" time="0.0">
    <skipped/>
  </testcase> <!-- verifyBottonNavigationbarOnHomeTest -->
  <testcase classname="org.tyss.dream11.VerifyContentOfMatchCardTest" name="verifyContentOfMatchCardTest" time="0.0">
    <skipped/>
  </testcase> <!-- verifyContentOfMatchCardTest -->
  <testcase classname="org.dream11.genericUtility.BaseClass" name="@BeforeSuite suiteSetup" time="0.0">
    <ignored/>
  </testcase> <!-- @BeforeSuite suiteSetup -->
  <testcase classname="org.dream11.genericUtility.BaseClass" name="@AfterSuite suiteTeardown" time="0.0">
    <ignored/>
  </testcase> <!-- @AfterSuite suiteTeardown -->
</testsuite> <!-- Test -->
